<?xml version="1.0" encoding="UTF-8"?>
<!-- Generated by org.testng.reporters.JUnitXMLReporter -->
<testsuite hostname="Luca-PC" ignored="0" name="Default test" tests="5" failures="0" timestamp="08 jun 2017 22:54:20 GMT" time="0.538" errors="0">
  <testcase name="runningCodeOutputsExpectedText" time="0.248" classname="me.compiladores.compiler.CompilerTest"/>
  <testcase name="runningCodeOutputsExpectedText" time="0.059" classname="me.compiladores.compiler.CompilerTest"/>
  <testcase name="runningCodeOutputsExpectedText" time="0.06" classname="me.compiladores.compiler.CompilerTest"/>
  <testcase name="runningCodeOutputsExpectedText" time="0.06" classname="me.compiladores.compiler.CompilerTest"/>
  <testcase name="runningCodeOutputsExpectedText" time="0.06" classname="me.compiladores.compiler.CompilerTest"/>
</testsuite> <!-- Default test -->
