<?xml version="1.0" encoding="UTF-8"?>
<!-- Generated by org.testng.reporters.JUnitXMLReporter -->
<testsuite hostname="Luca-PC" ignored="0" name="Default test" tests="12" failures="0" timestamp="16 jun 2017 14:38:53 GMT" time="0.864" errors="0">
  <testcase name="compilingCode_throwsDeclaringDefinedVariableExcepton_ifVariableIsAlreadyDeclared" time="0.069" classname="me.compiladores.compiler.CompilerTest"/>
  <testcase name="compilingCode_throwsUndeclaredVariableExcepton_ifVariableIsUndefined" time="0.004" classname="me.compiladores.compiler.CompilerTest"/>
  <testcase name="runningCodeOutputsExpectedText" time="0.159" classname="me.compiladores.compiler.CompilerTest"/>
  <testcase name="runningCodeOutputsExpectedText" time="0.06" classname="me.compiladores.compiler.CompilerTest"/>
  <testcase name="runningCodeOutputsExpectedText" time="0.066" classname="me.compiladores.compiler.CompilerTest"/>
  <testcase name="runningCodeOutputsExpectedText" time="0.062" classname="me.compiladores.compiler.CompilerTest"/>
  <testcase name="runningCodeOutputsExpectedText" time="0.06" classname="me.compiladores.compiler.CompilerTest"/>
  <testcase name="runningCodeOutputsExpectedText" time="0.071" classname="me.compiladores.compiler.CompilerTest"/>
  <testcase name="runningCodeOutputsExpectedText" time="0.061" classname="me.compiladores.compiler.CompilerTest"/>
  <testcase name="runningCodeOutputsExpectedText" time="0.057" classname="me.compiladores.compiler.CompilerTest"/>
  <testcase name="runningCodeOutputsExpectedText" time="0.061" classname="me.compiladores.compiler.CompilerTest"/>
  <testcase name="runningCodeOutputsExpectedText" time="0.061" classname="me.compiladores.compiler.CompilerTest"/>
</testsuite> <!-- Default test -->
