<?xml version="1.0" encoding="UTF-8"?>
<testng-results skipped="0" failed="0" ignored="0" total="12" passed="12">
  <reporter-output>
  </reporter-output>
  <suite name="Default suite" duration-ms="864" started-at="2017-06-16T14:38:53Z" finished-at="2017-06-16T14:38:53Z">
    <groups>
    </groups>
    <test name="Default test" duration-ms="864" started-at="2017-06-16T14:38:53Z" finished-at="2017-06-16T14:38:53Z">
      <class name="me.compiladores.compiler.CompilerTest">
        <test-method status="PASS" signature="createTempDir()[pri:0, instance:me.compiladores.compiler.CompilerTest@7dc7cbad]" name="createTempDir" is-config="true" duration-ms="13" started-at="2017-06-16T11:38:53Z" finished-at="2017-06-16T11:38:53Z">
          <reporter-output>
          </reporter-output>
        </test-method> <!-- createTempDir -->
        <test-method status="PASS" signature="compilingCode_throwsDeclaringDefinedVariableExcepton_ifVariableIsAlreadyDeclared()[pri:0, instance:me.compiladores.compiler.CompilerTest@7dc7cbad]" name="compilingCode_throwsDeclaringDefinedVariableExcepton_ifVariableIsAlreadyDeclared" duration-ms="69" started-at="2017-06-16T11:38:53Z" finished-at="2017-06-16T11:38:53Z">
          <exception class="me.compiladores.compiler.exceptions.VariableAlreadyDeclaredException">
            <message>
              <![CDATA[2:4 variable already defined <a>]]>
            </message>
            <full-stacktrace>
              <![CDATA[me.compiladores.compiler.exceptions.VariableAlreadyDeclaredException: 2:4 variable already defined <a>
	at me.compiladores.compiler.MySimpleVisitor.visitVarDeclaration(MySimpleVisitor.java:89)
	at me.compiladores.compiler.MySimpleVisitor.visitVarDeclaration(MySimpleVisitor.java:1)
	at me.compiladores.parser.SimpleParser$VarDeclarationContext.accept(SimpleParser.java:961)
	at org.antlr.v4.runtime.tree.AbstractParseTreeVisitor.visitChildren(AbstractParseTreeVisitor.java:46)
	at me.compiladores.parser.SimpleBaseVisitor.visitStatement(SimpleBaseVisitor.java:48)
	at me.compiladores.parser.SimpleParser$StatementContext.accept(SimpleParser.java:272)
	at org.antlr.v4.runtime.tree.AbstractParseTreeVisitor.visitChildren(AbstractParseTreeVisitor.java:46)
	at me.compiladores.parser.SimpleBaseVisitor.visitMainStatement(SimpleBaseVisitor.java:27)
	at me.compiladores.parser.SimpleParser$MainStatementContext.accept(SimpleParser.java:161)
	at org.antlr.v4.runtime.tree.AbstractParseTreeVisitor.visit(AbstractParseTreeVisitor.java:18)
	at me.compiladores.compiler.MySimpleVisitor.visitTarget(MySimpleVisitor.java:40)
	at me.compiladores.compiler.MySimpleVisitor.visitTarget(MySimpleVisitor.java:1)
	at me.compiladores.parser.SimpleParser$TargetContext.accept(SimpleParser.java:104)
	at org.antlr.v4.runtime.tree.AbstractParseTreeVisitor.visit(AbstractParseTreeVisitor.java:18)
	at me.compiladores.compiler.Main.compile(Main.java:29)
	at me.compiladores.compiler.CompilerTest.compileAndRun(CompilerTest.java:99)
	at me.compiladores.compiler.CompilerTest.compilingCode_throwsDeclaringDefinedVariableExcepton_ifVariableIsAlreadyDeclared(CompilerTest.java:74)
	at sun.reflect.NativeMethodAccessorImpl.invoke0(Native Method)
	at sun.reflect.NativeMethodAccessorImpl.invoke(NativeMethodAccessorImpl.java:62)
	at sun.reflect.DelegatingMethodAccessorImpl.invoke(DelegatingMethodAccessorImpl.java:43)
	at java.lang.reflect.Method.invoke(Method.java:498)
	at org.testng.internal.MethodInvocationHelper.invokeMethod(MethodInvocationHelper.java:108)
	at org.testng.internal.Invoker.invokeMethod(Invoker.java:661)
	at org.testng.internal.Invoker.invokeTestMethod(Invoker.java:869)
	at org.testng.internal.Invoker.invokeTestMethods(Invoker.java:1193)
	at org.testng.internal.TestMethodWorker.invokeTestMethods(TestMethodWorker.java:126)
	at org.testng.internal.TestMethodWorker.run(TestMethodWorker.java:109)
	at org.testng.TestRunner.privateRun(TestRunner.java:744)
	at org.testng.TestRunner.run(TestRunner.java:602)
	at org.testng.SuiteRunner.runTest(SuiteRunner.java:380)
	at org.testng.SuiteRunner.runSequentially(SuiteRunner.java:375)
	at org.testng.SuiteRunner.privateRun(SuiteRunner.java:340)
	at org.testng.SuiteRunner.run(SuiteRunner.java:289)
	at org.testng.SuiteRunnerWorker.runSuite(SuiteRunnerWorker.java:52)
	at org.testng.SuiteRunnerWorker.run(SuiteRunnerWorker.java:86)
	at org.testng.TestNG.runSuitesSequentially(TestNG.java:1301)
	at org.testng.TestNG.runSuitesLocally(TestNG.java:1226)
	at org.testng.TestNG.runSuites(TestNG.java:1144)
	at org.testng.TestNG.run(TestNG.java:1115)
	at org.testng.remote.AbstractRemoteTestNG.run(AbstractRemoteTestNG.java:132)
	at org.testng.remote.RemoteTestNG.initAndRun(RemoteTestNG.java:230)
	at org.testng.remote.RemoteTestNG.main(RemoteTestNG.java:76)
]]>
            </full-stacktrace>
          </exception> <!-- me.compiladores.compiler.exceptions.VariableAlreadyDeclaredException -->
          <reporter-output>
          </reporter-output>
        </test-method> <!-- compilingCode_throwsDeclaringDefinedVariableExcepton_ifVariableIsAlreadyDeclared -->
        <test-method status="PASS" signature="deleteTempDir()[pri:0, instance:me.compiladores.compiler.CompilerTest@7dc7cbad]" name="deleteTempDir" is-config="true" duration-ms="0" started-at="2017-06-16T11:38:53Z" finished-at="2017-06-16T11:38:53Z">
          <reporter-output>
          </reporter-output>
        </test-method> <!-- deleteTempDir -->
        <test-method status="PASS" signature="createTempDir()[pri:0, instance:me.compiladores.compiler.CompilerTest@7dc7cbad]" name="createTempDir" is-config="true" duration-ms="1" started-at="2017-06-16T11:38:53Z" finished-at="2017-06-16T11:38:53Z">
          <reporter-output>
          </reporter-output>
        </test-method> <!-- createTempDir -->
        <test-method status="PASS" signature="compilingCode_throwsUndeclaredVariableExcepton_ifVariableIsUndefined()[pri:0, instance:me.compiladores.compiler.CompilerTest@7dc7cbad]" name="compilingCode_throwsUndeclaredVariableExcepton_ifVariableIsUndefined" duration-ms="4" started-at="2017-06-16T11:38:53Z" finished-at="2017-06-16T11:38:53Z">
          <exception class="me.compiladores.compiler.exceptions.UndeclaredVariableException">
            <message>
              <![CDATA[2:0 undeclared variable <b>]]>
            </message>
            <full-stacktrace>
              <![CDATA[me.compiladores.compiler.exceptions.UndeclaredVariableException: 2:0 undeclared variable <b>
	at me.compiladores.compiler.MySimpleVisitor.checkVarIndex(MySimpleVisitor.java:160)
	at me.compiladores.compiler.MySimpleVisitor.visitAssignment(MySimpleVisitor.java:99)
	at me.compiladores.compiler.MySimpleVisitor.visitAssignment(MySimpleVisitor.java:1)
	at me.compiladores.parser.SimpleParser$AssignmentContext.accept(SimpleParser.java:572)
	at org.antlr.v4.runtime.tree.AbstractParseTreeVisitor.visitChildren(AbstractParseTreeVisitor.java:46)
	at me.compiladores.parser.SimpleBaseVisitor.visitStatement(SimpleBaseVisitor.java:48)
	at me.compiladores.parser.SimpleParser$StatementContext.accept(SimpleParser.java:272)
	at org.antlr.v4.runtime.tree.AbstractParseTreeVisitor.visitChildren(AbstractParseTreeVisitor.java:46)
	at me.compiladores.parser.SimpleBaseVisitor.visitMainStatement(SimpleBaseVisitor.java:27)
	at me.compiladores.parser.SimpleParser$MainStatementContext.accept(SimpleParser.java:161)
	at org.antlr.v4.runtime.tree.AbstractParseTreeVisitor.visit(AbstractParseTreeVisitor.java:18)
	at me.compiladores.compiler.MySimpleVisitor.visitTarget(MySimpleVisitor.java:40)
	at me.compiladores.compiler.MySimpleVisitor.visitTarget(MySimpleVisitor.java:1)
	at me.compiladores.parser.SimpleParser$TargetContext.accept(SimpleParser.java:104)
	at org.antlr.v4.runtime.tree.AbstractParseTreeVisitor.visit(AbstractParseTreeVisitor.java:18)
	at me.compiladores.compiler.Main.compile(Main.java:29)
	at me.compiladores.compiler.CompilerTest.compileAndRun(CompilerTest.java:99)
	at me.compiladores.compiler.CompilerTest.compilingCode_throwsUndeclaredVariableExcepton_ifVariableIsUndefined(CompilerTest.java:64)
	at sun.reflect.NativeMethodAccessorImpl.invoke0(Native Method)
	at sun.reflect.NativeMethodAccessorImpl.invoke(NativeMethodAccessorImpl.java:62)
	at sun.reflect.DelegatingMethodAccessorImpl.invoke(DelegatingMethodAccessorImpl.java:43)
	at java.lang.reflect.Method.invoke(Method.java:498)
	at org.testng.internal.MethodInvocationHelper.invokeMethod(MethodInvocationHelper.java:108)
	at org.testng.internal.Invoker.invokeMethod(Invoker.java:661)
	at org.testng.internal.Invoker.invokeTestMethod(Invoker.java:869)
	at org.testng.internal.Invoker.invokeTestMethods(Invoker.java:1193)
	at org.testng.internal.TestMethodWorker.invokeTestMethods(TestMethodWorker.java:126)
	at org.testng.internal.TestMethodWorker.run(TestMethodWorker.java:109)
	at org.testng.TestRunner.privateRun(TestRunner.java:744)
	at org.testng.TestRunner.run(TestRunner.java:602)
	at org.testng.SuiteRunner.runTest(SuiteRunner.java:380)
	at org.testng.SuiteRunner.runSequentially(SuiteRunner.java:375)
	at org.testng.SuiteRunner.privateRun(SuiteRunner.java:340)
	at org.testng.SuiteRunner.run(SuiteRunner.java:289)
	at org.testng.SuiteRunnerWorker.runSuite(SuiteRunnerWorker.java:52)
	at org.testng.SuiteRunnerWorker.run(SuiteRunnerWorker.java:86)
	at org.testng.TestNG.runSuitesSequentially(TestNG.java:1301)
	at org.testng.TestNG.runSuitesLocally(TestNG.java:1226)
	at org.testng.TestNG.runSuites(TestNG.java:1144)
	at org.testng.TestNG.run(TestNG.java:1115)
	at org.testng.remote.AbstractRemoteTestNG.run(AbstractRemoteTestNG.java:132)
	at org.testng.remote.RemoteTestNG.initAndRun(RemoteTestNG.java:230)
	at org.testng.remote.RemoteTestNG.main(RemoteTestNG.java:76)
]]>
            </full-stacktrace>
          </exception> <!-- me.compiladores.compiler.exceptions.UndeclaredVariableException -->
          <reporter-output>
          </reporter-output>
        </test-method> <!-- compilingCode_throwsUndeclaredVariableExcepton_ifVariableIsUndefined -->
        <test-method status="PASS" signature="deleteTempDir()[pri:0, instance:me.compiladores.compiler.CompilerTest@7dc7cbad]" name="deleteTempDir" is-config="true" duration-ms="0" started-at="2017-06-16T11:38:53Z" finished-at="2017-06-16T11:38:53Z">
          <reporter-output>
          </reporter-output>
        </test-method> <!-- deleteTempDir -->
        <test-method status="PASS" signature="runningCodeOutputsExpectedText(java.lang.String, java.lang.String)[pri:0, instance:me.compiladores.compiler.CompilerTest@7dc7cbad]" name="runningCodeOutputsExpectedText" duration-ms="159" started-at="2017-06-16T11:38:53Z" data-provider="provide_code_expectedTest" finished-at="2017-06-16T11:38:53Z">
          <params>
            <param index="0">
              <value>
                <![CDATA[println(1+2);]]>
              </value>
            </param>
            <param index="1">
              <value>
                <![CDATA[3
]]>
              </value>
            </param>
          </params>
          <reporter-output>
          </reporter-output>
        </test-method> <!-- runningCodeOutputsExpectedText -->
        <test-method status="PASS" signature="createTempDir()[pri:0, instance:me.compiladores.compiler.CompilerTest@7dc7cbad]" name="createTempDir" is-config="true" duration-ms="0" started-at="2017-06-16T11:38:53Z" finished-at="2017-06-16T11:38:53Z">
          <reporter-output>
          </reporter-output>
        </test-method> <!-- createTempDir -->
        <test-method status="PASS" signature="createTempDir()[pri:0, instance:me.compiladores.compiler.CompilerTest@7dc7cbad]" name="createTempDir" is-config="true" duration-ms="1" started-at="2017-06-16T11:38:53Z" finished-at="2017-06-16T11:38:53Z">
          <reporter-output>
          </reporter-output>
        </test-method> <!-- createTempDir -->
        <test-method status="PASS" signature="deleteTempDir()[pri:0, instance:me.compiladores.compiler.CompilerTest@7dc7cbad]" name="deleteTempDir" is-config="true" duration-ms="0" started-at="2017-06-16T11:38:53Z" finished-at="2017-06-16T11:38:53Z">
          <reporter-output>
          </reporter-output>
        </test-method> <!-- deleteTempDir -->
        <test-method status="PASS" signature="runningCodeOutputsExpectedText(java.lang.String, java.lang.String)[pri:0, instance:me.compiladores.compiler.CompilerTest@7dc7cbad]" name="runningCodeOutputsExpectedText" duration-ms="60" started-at="2017-06-16T11:38:53Z" data-provider="provide_code_expectedTest" finished-at="2017-06-16T11:38:53Z">
          <params>
            <param index="0">
              <value>
                <![CDATA[println(1+3*2-5/5);]]>
              </value>
            </param>
            <param index="1">
              <value>
                <![CDATA[6
]]>
              </value>
            </param>
          </params>
          <reporter-output>
          </reporter-output>
        </test-method> <!-- runningCodeOutputsExpectedText -->
        <test-method status="PASS" signature="deleteTempDir()[pri:0, instance:me.compiladores.compiler.CompilerTest@7dc7cbad]" name="deleteTempDir" is-config="true" duration-ms="1" started-at="2017-06-16T11:38:53Z" finished-at="2017-06-16T11:38:53Z">
          <reporter-output>
          </reporter-output>
        </test-method> <!-- deleteTempDir -->
        <test-method status="PASS" signature="runningCodeOutputsExpectedText(java.lang.String, java.lang.String)[pri:0, instance:me.compiladores.compiler.CompilerTest@7dc7cbad]" name="runningCodeOutputsExpectedText" duration-ms="66" started-at="2017-06-16T11:38:53Z" data-provider="provide_code_expectedTest" finished-at="2017-06-16T11:38:53Z">
          <params>
            <param index="0">
              <value>
                <![CDATA[int foo; foo = 42; println(foo);]]>
              </value>
            </param>
            <param index="1">
              <value>
                <![CDATA[42
]]>
              </value>
            </param>
          </params>
          <reporter-output>
          </reporter-output>
        </test-method> <!-- runningCodeOutputsExpectedText -->
        <test-method status="PASS" signature="createTempDir()[pri:0, instance:me.compiladores.compiler.CompilerTest@7dc7cbad]" name="createTempDir" is-config="true" duration-ms="0" started-at="2017-06-16T11:38:53Z" finished-at="2017-06-16T11:38:53Z">
          <reporter-output>
          </reporter-output>
        </test-method> <!-- createTempDir -->
        <test-method status="PASS" signature="deleteTempDir()[pri:0, instance:me.compiladores.compiler.CompilerTest@7dc7cbad]" name="deleteTempDir" is-config="true" duration-ms="1" started-at="2017-06-16T11:38:53Z" finished-at="2017-06-16T11:38:53Z">
          <reporter-output>
          </reporter-output>
        </test-method> <!-- deleteTempDir -->
        <test-method status="PASS" signature="createTempDir()[pri:0, instance:me.compiladores.compiler.CompilerTest@7dc7cbad]" name="createTempDir" is-config="true" duration-ms="0" started-at="2017-06-16T11:38:53Z" finished-at="2017-06-16T11:38:53Z">
          <reporter-output>
          </reporter-output>
        </test-method> <!-- createTempDir -->
        <test-method status="PASS" signature="runningCodeOutputsExpectedText(java.lang.String, java.lang.String)[pri:0, instance:me.compiladores.compiler.CompilerTest@7dc7cbad]" name="runningCodeOutputsExpectedText" duration-ms="62" started-at="2017-06-16T11:38:53Z" data-provider="provide_code_expectedTest" finished-at="2017-06-16T11:38:53Z">
          <params>
            <param index="0">
              <value>
                <![CDATA[int foo; foo = 42; println(foo + 2);]]>
              </value>
            </param>
            <param index="1">
              <value>
                <![CDATA[44
]]>
              </value>
            </param>
          </params>
          <reporter-output>
          </reporter-output>
        </test-method> <!-- runningCodeOutputsExpectedText -->
        <test-method status="PASS" signature="deleteTempDir()[pri:0, instance:me.compiladores.compiler.CompilerTest@7dc7cbad]" name="deleteTempDir" is-config="true" duration-ms="1" started-at="2017-06-16T11:38:53Z" finished-at="2017-06-16T11:38:53Z">
          <reporter-output>
          </reporter-output>
        </test-method> <!-- deleteTempDir -->
        <test-method status="PASS" signature="createTempDir()[pri:0, instance:me.compiladores.compiler.CompilerTest@7dc7cbad]" name="createTempDir" is-config="true" duration-ms="0" started-at="2017-06-16T11:38:53Z" finished-at="2017-06-16T11:38:53Z">
          <reporter-output>
          </reporter-output>
        </test-method> <!-- createTempDir -->
        <test-method status="PASS" signature="runningCodeOutputsExpectedText(java.lang.String, java.lang.String)[pri:0, instance:me.compiladores.compiler.CompilerTest@7dc7cbad]" name="runningCodeOutputsExpectedText" duration-ms="60" started-at="2017-06-16T11:38:53Z" data-provider="provide_code_expectedTest" finished-at="2017-06-16T11:38:53Z">
          <params>
            <param index="0">
              <value>
                <![CDATA[int a; int b; a = 20; b = 40; println(a + b);]]>
              </value>
            </param>
            <param index="1">
              <value>
                <![CDATA[60
]]>
              </value>
            </param>
          </params>
          <reporter-output>
          </reporter-output>
        </test-method> <!-- runningCodeOutputsExpectedText -->
        <test-method status="PASS" signature="deleteTempDir()[pri:0, instance:me.compiladores.compiler.CompilerTest@7dc7cbad]" name="deleteTempDir" is-config="true" duration-ms="0" started-at="2017-06-16T11:38:53Z" finished-at="2017-06-16T11:38:53Z">
          <reporter-output>
          </reporter-output>
        </test-method> <!-- deleteTempDir -->
        <test-method status="PASS" signature="createTempDir()[pri:0, instance:me.compiladores.compiler.CompilerTest@7dc7cbad]" name="createTempDir" is-config="true" duration-ms="0" started-at="2017-06-16T11:38:53Z" finished-at="2017-06-16T11:38:53Z">
          <reporter-output>
          </reporter-output>
        </test-method> <!-- createTempDir -->
        <test-method status="PASS" signature="runningCodeOutputsExpectedText(java.lang.String, java.lang.String)[pri:0, instance:me.compiladores.compiler.CompilerTest@7dc7cbad]" name="runningCodeOutputsExpectedText" duration-ms="71" started-at="2017-06-16T11:38:53Z" data-provider="provide_code_expectedTest" finished-at="2017-06-16T11:38:53Z">
          <params>
            <param index="0">
              <value>
                <![CDATA[int a; int b; int c; a = 2; b = 4; c = 6; println(a+b); println(b*c); println(a+5*b-c/2);]]>
              </value>
            </param>
            <param index="1">
              <value>
                <![CDATA[6
24
19
]]>
              </value>
            </param>
          </params>
          <reporter-output>
          </reporter-output>
        </test-method> <!-- runningCodeOutputsExpectedText -->
        <test-method status="PASS" signature="deleteTempDir()[pri:0, instance:me.compiladores.compiler.CompilerTest@7dc7cbad]" name="deleteTempDir" is-config="true" duration-ms="1" started-at="2017-06-16T11:38:53Z" finished-at="2017-06-16T11:38:53Z">
          <reporter-output>
          </reporter-output>
        </test-method> <!-- deleteTempDir -->
        <test-method status="PASS" signature="createTempDir()[pri:0, instance:me.compiladores.compiler.CompilerTest@7dc7cbad]" name="createTempDir" is-config="true" duration-ms="0" started-at="2017-06-16T11:38:53Z" finished-at="2017-06-16T11:38:53Z">
          <reporter-output>
          </reporter-output>
        </test-method> <!-- createTempDir -->
        <test-method status="PASS" signature="runningCodeOutputsExpectedText(java.lang.String, java.lang.String)[pri:0, instance:me.compiladores.compiler.CompilerTest@7dc7cbad]" name="runningCodeOutputsExpectedText" duration-ms="61" started-at="2017-06-16T11:38:53Z" data-provider="provide_code_expectedTest" finished-at="2017-06-16T11:38:53Z">
          <params>
            <param index="0">
              <value>
                <![CDATA[int randomNum(){ return 4; }
println(randomNum());]]>
              </value>
            </param>
            <param index="1">
              <value>
                <![CDATA[4
]]>
              </value>
            </param>
          </params>
          <reporter-output>
          </reporter-output>
        </test-method> <!-- runningCodeOutputsExpectedText -->
        <test-method status="PASS" signature="deleteTempDir()[pri:0, instance:me.compiladores.compiler.CompilerTest@7dc7cbad]" name="deleteTempDir" is-config="true" duration-ms="1" started-at="2017-06-16T11:38:53Z" finished-at="2017-06-16T11:38:53Z">
          <reporter-output>
          </reporter-output>
        </test-method> <!-- deleteTempDir -->
        <test-method status="PASS" signature="runningCodeOutputsExpectedText(java.lang.String, java.lang.String)[pri:0, instance:me.compiladores.compiler.CompilerTest@7dc7cbad]" name="runningCodeOutputsExpectedText" duration-ms="57" started-at="2017-06-16T11:38:53Z" data-provider="provide_code_expectedTest" finished-at="2017-06-16T11:38:53Z">
          <params>
            <param index="0">
              <value>
                <![CDATA[int git(){ int a; a = 4; return a; }
println(git());]]>
              </value>
            </param>
            <param index="1">
              <value>
                <![CDATA[4
]]>
              </value>
            </param>
          </params>
          <reporter-output>
          </reporter-output>
        </test-method> <!-- runningCodeOutputsExpectedText -->
        <test-method status="PASS" signature="createTempDir()[pri:0, instance:me.compiladores.compiler.CompilerTest@7dc7cbad]" name="createTempDir" is-config="true" duration-ms="0" started-at="2017-06-16T11:38:53Z" finished-at="2017-06-16T11:38:53Z">
          <reporter-output>
          </reporter-output>
        </test-method> <!-- createTempDir -->
        <test-method status="PASS" signature="createTempDir()[pri:0, instance:me.compiladores.compiler.CompilerTest@7dc7cbad]" name="createTempDir" is-config="true" duration-ms="1" started-at="2017-06-16T11:38:53Z" finished-at="2017-06-16T11:38:53Z">
          <reporter-output>
          </reporter-output>
        </test-method> <!-- createTempDir -->
        <test-method status="PASS" signature="deleteTempDir()[pri:0, instance:me.compiladores.compiler.CompilerTest@7dc7cbad]" name="deleteTempDir" is-config="true" duration-ms="0" started-at="2017-06-16T11:38:53Z" finished-at="2017-06-16T11:38:53Z">
          <reporter-output>
          </reporter-output>
        </test-method> <!-- deleteTempDir -->
        <test-method status="PASS" signature="runningCodeOutputsExpectedText(java.lang.String, java.lang.String)[pri:0, instance:me.compiladores.compiler.CompilerTest@7dc7cbad]" name="runningCodeOutputsExpectedText" duration-ms="61" started-at="2017-06-16T11:38:53Z" data-provider="provide_code_expectedTest" finished-at="2017-06-16T11:38:53Z">
          <params>
            <param index="0">
              <value>
                <![CDATA[int gud(){ int i; i = 5 + 3; return i;}
int i; i = 0; println(i); println(gud());]]>
              </value>
            </param>
            <param index="1">
              <value>
                <![CDATA[0
8
]]>
              </value>
            </param>
          </params>
          <reporter-output>
          </reporter-output>
        </test-method> <!-- runningCodeOutputsExpectedText -->
        <test-method status="PASS" signature="deleteTempDir()[pri:0, instance:me.compiladores.compiler.CompilerTest@7dc7cbad]" name="deleteTempDir" is-config="true" duration-ms="0" started-at="2017-06-16T11:38:53Z" finished-at="2017-06-16T11:38:53Z">
          <reporter-output>
          </reporter-output>
        </test-method> <!-- deleteTempDir -->
        <test-method status="PASS" signature="createTempDir()[pri:0, instance:me.compiladores.compiler.CompilerTest@7dc7cbad]" name="createTempDir" is-config="true" duration-ms="0" started-at="2017-06-16T11:38:53Z" finished-at="2017-06-16T11:38:53Z">
          <reporter-output>
          </reporter-output>
        </test-method> <!-- createTempDir -->
        <test-method status="PASS" signature="runningCodeOutputsExpectedText(java.lang.String, java.lang.String)[pri:0, instance:me.compiladores.compiler.CompilerTest@7dc7cbad]" name="runningCodeOutputsExpectedText" duration-ms="61" started-at="2017-06-16T11:38:53Z" data-provider="provide_code_expectedTest" finished-at="2017-06-16T11:38:53Z">
          <params>
            <param index="0">
              <value>
                <![CDATA[int add(int a, int b){return a+b;} println(add(5,4));]]>
              </value>
            </param>
            <param index="1">
              <value>
                <![CDATA[9
]]>
              </value>
            </param>
          </params>
          <reporter-output>
          </reporter-output>
        </test-method> <!-- runningCodeOutputsExpectedText -->
        <test-method status="PASS" signature="deleteTempDir()[pri:0, instance:me.compiladores.compiler.CompilerTest@7dc7cbad]" name="deleteTempDir" is-config="true" duration-ms="1" started-at="2017-06-16T11:38:53Z" finished-at="2017-06-16T11:38:53Z">
          <reporter-output>
          </reporter-output>
        </test-method> <!-- deleteTempDir -->
      </class> <!-- me.compiladores.compiler.CompilerTest -->
    </test> <!-- Default test -->
  </suite> <!-- Default suite -->
</testng-results>
